Started GET "/" for 127.0.0.1 at 2023-09-30 16:44:42 +0000
Processing by ApplicationController#hello as HTML
  Rendering html template
  Rendered html template (Duration: 0.0ms | Allocations: 16)
Completed 200 OK in 14ms (Views: 10.3ms | ActiveRecord: 0.0ms | Allocations: 3657)


Started GET "/static_pages/home" for 127.0.0.1 at 2023-09-30 16:44:53 +0000
Processing by StaticPagesController#home as HTML
  Rendering layout layouts/application.html.erb
  Rendering static_pages/home.html.erb within layouts/application
  Rendered static_pages/home.html.erb within layouts/application (Duration: 1.0ms | Allocations: 434)
  Rendered layout layouts/application.html.erb (Duration: 285.8ms | Allocations: 65636)
Completed 200 OK in 297ms (Views: 287.2ms | ActiveRecord: 0.0ms | Allocations: 69538)


Started GET "/static_pages/help" for 127.0.0.1 at 2023-09-30 16:44:59 +0000
Processing by StaticPagesController#help as HTML
  Rendering layout layouts/application.html.erb
  Rendering static_pages/help.html.erb within layouts/application
  Rendered static_pages/help.html.erb within layouts/application (Duration: 0.4ms | Allocations: 108)
  Rendered layout layouts/application.html.erb (Duration: 2.0ms | Allocations: 1330)
Completed 200 OK in 3ms (Views: 2.3ms | ActiveRecord: 0.0ms | Allocations: 1638)


Started GET "/" for 127.0.0.1 at 2023-09-30 19:15:51 +0000
Processing by ApplicationController#hello as HTML
  Rendering html template
  Rendered html template (Duration: 0.0ms | Allocations: 16)
Completed 200 OK in 12ms (Views: 5.9ms | ActiveRecord: 0.0ms | Allocations: 2238)


Started GET "/static_pages/help" for 127.0.0.1 at 2023-09-30 19:16:10 +0000
Processing by StaticPagesController#help as HTML
  Rendering layout layouts/application.html.erb
  Rendering static_pages/help.html.erb within layouts/application
  Rendered static_pages/help.html.erb within layouts/application (Duration: 0.6ms | Allocations: 290)
  Rendered layout layouts/application.html.erb (Duration: 33.8ms | Allocations: 20110)
Completed 200 OK in 40ms (Views: 34.9ms | ActiveRecord: 0.0ms | Allocations: 22342)


Started GET "/static_pages/help" for 127.0.0.1 at 2023-09-30 19:16:31 +0000
Processing by StaticPagesController#help as HTML
  Rendering layout layouts/application.html.erb
  Rendering static_pages/help.html.erb within layouts/application
  Rendered static_pages/help.html.erb within layouts/application (Duration: 0.0ms | Allocations: 7)
  Rendered layout layouts/application.html.erb (Duration: 1.6ms | Allocations: 1159)
Completed 200 OK in 2ms (Views: 2.0ms | ActiveRecord: 0.0ms | Allocations: 1410)


Started GET "/static_pages/help" for 127.0.0.1 at 2023-09-30 19:17:12 +0000
Processing by StaticPagesController#help as HTML
  Rendering layout layouts/application.html.erb
  Rendering static_pages/help.html.erb within layouts/application
  Rendered static_pages/help.html.erb within layouts/application (Duration: 2.6ms | Allocations: 295)
  Rendered layout layouts/application.html.erb (Duration: 50.4ms | Allocations: 19783)
Completed 200 OK in 71ms (Views: 54.8ms | ActiveRecord: 0.0ms | Allocations: 23709)


Started GET "/static_pages/home" for 127.0.0.1 at 2023-09-30 19:19:28 +0000
Processing by StaticPagesController#home as HTML
  Rendering layout layouts/application.html.erb
  Rendering static_pages/home.html.erb within layouts/application
  Rendered static_pages/home.html.erb within layouts/application (Duration: 0.3ms | Allocations: 121)
  Rendered layout layouts/application.html.erb (Duration: 2.1ms | Allocations: 1503)
Completed 200 OK in 4ms (Views: 3.3ms | ActiveRecord: 0.0ms | Allocations: 2311)


Started GET "/static_pages/home" for 127.0.0.1 at 2023-09-30 19:19:42 +0000
Processing by StaticPagesController#home as HTML
  Rendering layout layouts/application.html.erb
  Rendering static_pages/home.html.erb within layouts/application
  Rendered static_pages/home.html.erb within layouts/application (Duration: 1.7ms | Allocations: 306)
  Rendered layout layouts/application.html.erb (Duration: 48.1ms | Allocations: 19800)
Completed 200 OK in 69ms (Views: 55.5ms | ActiveRecord: 0.0ms | Allocations: 23726)


Started GET "/static_pages/home" for 127.0.0.1 at 2023-09-30 19:24:11 +0000
Processing by StaticPagesController#home as HTML
  Rendering layout layouts/application.html.erb
  Rendering static_pages/home.html.erb within layouts/application
  Rendered static_pages/home.html.erb within layouts/application (Duration: 1.6ms | Allocations: 306)
  Rendered layout layouts/application.html.erb (Duration: 49.2ms | Allocations: 19892)
Completed 200 OK in 72ms (Views: 55.6ms | ActiveRecord: 0.0ms | Allocations: 23818)


Started GET "/" for 127.0.0.1 at 2023-09-30 19:24:14 +0000
Processing by ApplicationController#hello as HTML
  Rendering html template
  Rendered html template (Duration: 0.0ms | Allocations: 11)
Completed 200 OK in 1ms (Views: 1.0ms | ActiveRecord: 0.0ms | Allocations: 506)


Started GET "/static_pages/home" for 127.0.0.1 at 2023-09-30 19:24:23 +0000
Processing by StaticPagesController#home as HTML
  Rendering layout layouts/application.html.erb
  Rendering static_pages/home.html.erb within layouts/application
  Rendered static_pages/home.html.erb within layouts/application (Duration: 0.0ms | Allocations: 7)
  Rendered layout layouts/application.html.erb (Duration: 1.6ms | Allocations: 1146)
Completed 200 OK in 2ms (Views: 2.1ms | ActiveRecord: 0.0ms | Allocations: 1398)


Started GET "/static_pages/help" for 127.0.0.1 at 2023-09-30 19:24:28 +0000
Processing by StaticPagesController#help as HTML
  Rendering layout layouts/application.html.erb
  Rendering static_pages/help.html.erb within layouts/application
  Rendered static_pages/help.html.erb within layouts/application (Duration: 0.4ms | Allocations: 122)
  Rendered layout layouts/application.html.erb (Duration: 2.1ms | Allocations: 1265)
Completed 200 OK in 3ms (Views: 2.5ms | ActiveRecord: 0.0ms | Allocations: 1572)


Started GET "/static_pages/about" for 127.0.0.1 at 2023-09-30 19:24:42 +0000
Processing by StaticPagesController#about as HTML
  Rendering layout layouts/application.html.erb
  Rendering static_pages/about.html.erb within layouts/application
  Rendered static_pages/about.html.erb within layouts/application (Duration: 0.4ms | Allocations: 120)
  Rendered layout layouts/application.html.erb (Duration: 2.2ms | Allocations: 1246)
Completed 200 OK in 3ms (Views: 2.6ms | ActiveRecord: 0.0ms | Allocations: 1551)


Started GET "/" for 127.0.0.1 at 2023-09-30 19:38:12 +0000
Processing by ApplicationController#hello as HTML
  Rendering html template
  Rendered html template (Duration: 0.0ms | Allocations: 16)
Completed 200 OK in 10ms (Views: 5.5ms | ActiveRecord: 0.0ms | Allocations: 2238)


Started GET "/" for 127.0.0.1 at 2023-09-30 21:02:50 +0000
Processing by StaticPagesController#home as HTML
  Rendering layout layouts/application.html.erb
  Rendering static_pages/home.html.erb within layouts/application
  Rendered static_pages/home.html.erb within layouts/application (Duration: 2.0ms | Allocations: 340)
  Rendered layout layouts/application.html.erb (Duration: 56.7ms | Allocations: 19841)
Completed 200 OK in 80ms (Views: 61.3ms | ActiveRecord: 0.0ms | Allocations: 23768)


Started GET "/help" for 127.0.0.1 at 2023-09-30 21:03:00 +0000
  
ActionController::RoutingError (No route matches [GET] "/help"):
  
Started GET "/static_pages/help" for 127.0.0.1 at 2023-09-30 21:03:10 +0000
Processing by StaticPagesController#help as HTML
  Rendering layout layouts/application.html.erb
  Rendering static_pages/help.html.erb within layouts/application
  Rendered static_pages/help.html.erb within layouts/application (Duration: 0.4ms | Allocations: 129)
  Rendered layout layouts/application.html.erb (Duration: 2.1ms | Allocations: 1292)
Completed 200 OK in 3ms (Views: 2.5ms | ActiveRecord: 0.0ms | Allocations: 1601)


Started GET "/" for 127.0.0.1 at 2023-10-03 23:50:23 +0000
Processing by StaticPagesController#home as HTML
  Rendering layout layouts/application.html.erb
  Rendering static_pages/home.html.erb within layouts/application
  Rendered static_pages/home.html.erb within layouts/application (Duration: 3.5ms | Allocations: 340)
  Rendered layout layouts/application.html.erb (Duration: 96.8ms | Allocations: 19732)
Completed 200 OK in 112ms (Views: 99.9ms | ActiveRecord: 0.0ms | Allocations: 23657)


